# JRE version: OpenJDK Runtime Environment (24.0.1+9) (build 24.0.1+9-30)
# Java VM: OpenJDK 64-Bit Server VM (24.0.1+9-30, mixed mode, emulated-client, sharing, tiered, compressed oops, compressed class ptrs, g1 gc, windows-amd64)
GC Precious Log:
 CardTable entry size: 512
 Card Set container configuration: InlinePtr #cards 4 size 8 Array Of Cards #cards 16 size 48 Howl #buckets 8 coarsen threshold 3686 Howl Bitmap #cards 512 size 80 coarsen threshold 460 Card regions per heap region 1 cards per card region 4096
 CPUs: 16 total, 16 available
 Memory: 16024M
 Large Page Support: Disabled
 NUMA Support: Disabled
 Compressed Oops: Enabled (Zero based)
 Heap Region Size: 2M
 Heap Min Capacity: 8M
 Heap Initial Capacity: 252M
 Heap Max Capacity: 4008M
 Pre-touch: Disabled
 Parallel Workers: 13
 Concurrent Workers: 3
 Concurrent Refinement Workers: 13
 Periodic GC: Disabled
Heap:
 garbage-first heap   total reserved 4104192K, committed 96256K, used 33633K [0x0000000705800000, 0x0000000800000000)
  region size 2048K, 6 young (12288K), 4 survivors (8192K)
 Metaspace       used 65949K, committed 66560K, reserved 1114112K
  class space    used 7552K, committed 7808K, reserved 1048576K
GC Heap History (20 events):
Event: 0.799 GC heap before
{Heap before GC invocations=0 (full 0):
 garbage-first heap   total reserved 4104192K, committed 260096K, used 50288K [0x0000000705800000, 0x0000000800000000)
  region size 2048K, 24 young (49152K), 0 survivors (0K)
 Metaspace       used 11628K, committed 11904K, reserved 1114112K
  class space    used 1299K, committed 1408K, reserved 1048576K
}
Event: 0.804 GC heap after
{Heap after GC invocations=1 (full 0):
 garbage-first heap   total reserved 4104192K, committed 260096K, used 10565K [0x0000000705800000, 0x0000000800000000)
  region size 2048K, 3 young (6144K), 3 survivors (6144K)
 Metaspace       used 11628K, committed 11904K, reserved 1114112K
  class space    used 1299K, committed 1408K, reserved 1048576K
}
Event: 0.924 GC heap before
{Heap before GC invocations=1 (full 0):
 garbage-first heap   total reserved 4104192K, committed 260096K, used 22853K [0x0000000705800000, 0x0000000800000000)
  region size 2048K, 10 young (20480K), 3 survivors (6144K)
 Metaspace       used 14813K, committed 15168K, reserved 1114112K
  class space    used 1635K, committed 1792K, reserved 1048576K
}
Event: 0.927 GC heap after
{Heap after GC invocations=2 (full 0):
 garbage-first heap   total reserved 4104192K, committed 260096K, used 11759K [0x0000000705800000, 0x0000000800000000)
  region size 2048K, 4 young (8192K), 4 survivors (8192K)
 Metaspace       used 14813K, committed 15168K, reserved 1114112K
  class space    used 1635K, committed 1792K, reserved 1048576K
}
Event: 1.223 GC heap before
{Heap before GC invocations=3 (full 0):
 garbage-first heap   total reserved 4104192K, committed 49152K, used 44527K [0x0000000705800000, 0x0000000800000000)
  region size 2048K, 21 young (43008K), 4 survivors (8192K)
 Metaspace       used 22267K, committed 22656K, reserved 1114112K
  class space    used 2411K, committed 2560K, reserved 1048576K
}
Event: 1.228 GC heap after
{Heap after GC invocations=4 (full 0):
 garbage-first heap   total reserved 4104192K, committed 61440K, used 15171K [0x0000000705800000, 0x0000000800000000)
  region size 2048K, 6 young (12288K), 6 survivors (12288K)
 Metaspace       used 22267K, committed 22656K, reserved 1114112K
  class space    used 2411K, committed 2560K, reserved 1048576K
}
Event: 1.508 GC heap before
{Heap before GC invocations=4 (full 0):
 garbage-first heap   total reserved 4104192K, committed 61440K, used 39747K [0x0000000705800000, 0x0000000800000000)
  region size 2048K, 18 young (36864K), 6 survivors (12288K)
 Metaspace       used 24071K, committed 24448K, reserved 1114112K
  class space    used 2609K, committed 2752K, reserved 1048576K
}
Event: 1.516 GC heap after
{Heap after GC invocations=5 (full 0):
 garbage-first heap   total reserved 4104192K, committed 61440K, used 17400K [0x0000000705800000, 0x0000000800000000)
  region size 2048K, 3 young (6144K), 3 survivors (6144K)
 Metaspace       used 24071K, committed 24448K, reserved 1114112K
  class space    used 2609K, committed 2752K, reserved 1048576K
}
Event: 1.623 GC heap before
{Heap before GC invocations=5 (full 0):
 garbage-first heap   total reserved 4104192K, committed 61440K, used 23544K [0x0000000705800000, 0x0000000800000000)
  region size 2048K, 7 young (14336K), 3 survivors (6144K)
 Metaspace       used 24955K, committed 25280K, reserved 1114112K
  class space    used 2715K, committed 2880K, reserved 1048576K
}
Event: 1.631 GC heap after
{Heap after GC invocations=6 (full 0):
 garbage-first heap   total reserved 4104192K, committed 61440K, used 18800K [0x0000000705800000, 0x0000000800000000)
  region size 2048K, 1 young (2048K), 1 survivors (2048K)
 Metaspace       used 24955K, committed 25280K, reserved 1114112K
  class space    used 2715K, committed 2880K, reserved 1048576K
}
Event: 2.002 GC heap before
{Heap before GC invocations=7 (full 0):
 garbage-first heap   total reserved 4104192K, committed 61440K, used 45424K [0x0000000705800000, 0x0000000800000000)
  region size 2048K, 14 young (28672K), 1 survivors (2048K)
 Metaspace       used 28549K, committed 28992K, reserved 1114112K
  class space    used 3224K, committed 3456K, reserved 1048576K
}
Event: 2.006 GC heap after
{Heap after GC invocations=8 (full 0):
 garbage-first heap   total reserved 4104192K, committed 61440K, used 21126K [0x0000000705800000, 0x0000000800000000)
  region size 2048K, 2 young (4096K), 2 survivors (4096K)
 Metaspace       used 28549K, committed 28992K, reserved 1114112K
  class space    used 3224K, committed 3456K, reserved 1048576K
}
Event: 2.425 GC heap before
{Heap before GC invocations=8 (full 0):
 garbage-first heap   total reserved 4104192K, committed 61440K, used 47750K [0x0000000705800000, 0x0000000800000000)
  region size 2048K, 15 young (30720K), 2 survivors (4096K)
 Metaspace       used 35278K, committed 35712K, reserved 1114112K
  class space    used 3840K, committed 4032K, reserved 1048576K
}
Event: 2.431 GC heap after
{Heap after GC invocations=9 (full 0):
 garbage-first heap   total reserved 4104192K, committed 61440K, used 23234K [0x0000000705800000, 0x0000000800000000)
  region size 2048K, 2 young (4096K), 2 survivors (4096K)
 Metaspace       used 35278K, committed 35712K, reserved 1114112K
  class space    used 3840K, committed 4032K, reserved 1048576K
}
Event: 2.804 GC heap before
{Heap before GC invocations=9 (full 0):
 garbage-first heap   total reserved 4104192K, committed 61440K, used 43714K [0x0000000705800000, 0x0000000800000000)
  region size 2048K, 14 young (28672K), 2 survivors (4096K)
 Metaspace       used 41760K, committed 42240K, reserved 1114112K
  class space    used 4640K, committed 4864K, reserved 1048576K
}
Event: 2.809 GC heap after
{Heap after GC invocations=10 (full 0):
 garbage-first heap   total reserved 4104192K, committed 159744K, used 25062K [0x0000000705800000, 0x0000000800000000)
  region size 2048K, 1 young (2048K), 1 survivors (2048K)
 Metaspace       used 41760K, committed 42240K, reserved 1114112K
  class space    used 4640K, committed 4864K, reserved 1048576K
}
Event: 3.780 GC heap before
{Heap before GC invocations=11 (full 0):
 garbage-first heap   total reserved 4104192K, committed 90112K, used 86502K [0x0000000705800000, 0x0000000800000000)
  region size 2048K, 32 young (65536K), 1 survivors (2048K)
 Metaspace       used 60083K, committed 60608K, reserved 1114112K
  class space    used 6811K, committed 7040K, reserved 1048576K
}
Event: 3.786 GC heap after
{Heap after GC invocations=12 (full 0):
 garbage-first heap   total reserved 4104192K, committed 96256K, used 27871K [0x0000000705800000, 0x0000000800000000)
  region size 2048K, 3 young (6144K), 3 survivors (6144K)
 Metaspace       used 60083K, committed 60608K, reserved 1114112K
  class space    used 6811K, committed 7040K, reserved 1048576K
}
Event: 12.970 GC heap before
{Heap before GC invocations=12 (full 0):
 garbage-first heap   total reserved 4104192K, committed 96256K, used 77023K [0x0000000705800000, 0x0000000800000000)
  region size 2048K, 27 young (55296K), 3 survivors (6144K)
 Metaspace       used 65772K, committed 66432K, reserved 1114112K
  class space    used 7532K, committed 7808K, reserved 1048576K
}
Event: 12.977 GC heap after
{Heap after GC invocations=13 (full 0):
 garbage-first heap   total reserved 4104192K, committed 96256K, used 31585K [0x0000000705800000, 0x0000000800000000)
  region size 2048K, 4 young (8192K), 4 survivors (8192K)
 Metaspace       used 65772K, committed 66432K, reserved 1114112K
  class space    used 7532K, committed 7808K, reserved 1048576K
}

